<?xml version="1.0" encoding="UTF-8"?>
<!-- Generated by org.testng.reporters.JUnitXMLReporter -->
<testsuite ignored="0" hostname="Abishek4" failures="0" tests="5" name="Default test" time="19.933" errors="0" timestamp="2024-01-23T20:21:17 IST">
  <testcase classname="UserTest" name="test1" time="2.931"/>
  <testcase classname="UserTest" name="test2" time="7.901"/>
  <testcase classname="UserTest" name="test3" time="1.234"/>
  <testcase classname="UserTest" name="test4" time="1.643"/>
  <testcase classname="UserTest" name="test5" time="1.454"/>
</testsuite> <!-- Default test -->
