<?xml version="1.0" encoding="UTF-8"?>
<testng-results ignored="0" total="5" passed="5" failed="0" skipped="0">
  <reporter-output>
  </reporter-output>
  <suite started-at="2024-01-23T20:20:57 IST" name="Default suite" finished-at="2024-01-23T20:21:17 IST" duration-ms="19933">
    <groups>
    </groups>
    <test started-at="2024-01-23T20:20:57 IST" name="Default test" finished-at="2024-01-23T20:21:17 IST" duration-ms="19933">
      <class name="UserTest">
        <test-method is-config="true" signature="intiate()[pri:0, instance:UserTest@43dac38f]" started-at="2024-01-23T20:20:57 IST" name="intiate" finished-at="2024-01-23T20:21:01 IST" duration-ms="4065" status="PASS">
          <reporter-output>
          </reporter-output>
        </test-method> <!-- intiate -->
        <test-method signature="test1()[pri:0, instance:UserTest@43dac38f]" started-at="2024-01-23T20:21:01 IST" name="test1" finished-at="2024-01-23T20:21:04 IST" duration-ms="2931" status="PASS">
          <reporter-output>
          </reporter-output>
        </test-method> <!-- test1 -->
        <test-method signature="test2()[pri:0, instance:UserTest@43dac38f]" started-at="2024-01-23T20:21:04 IST" name="test2" finished-at="2024-01-23T20:21:12 IST" duration-ms="7901" status="PASS">
          <reporter-output>
          </reporter-output>
        </test-method> <!-- test2 -->
        <test-method signature="test3()[pri:3, instance:UserTest@43dac38f]" started-at="2024-01-23T20:21:12 IST" name="test3" finished-at="2024-01-23T20:21:13 IST" duration-ms="1234" status="PASS">
          <reporter-output>
          </reporter-output>
        </test-method> <!-- test3 -->
        <test-method signature="test4()[pri:4, instance:UserTest@43dac38f]" started-at="2024-01-23T20:21:13 IST" name="test4" finished-at="2024-01-23T20:21:14 IST" duration-ms="1643" status="PASS">
          <reporter-output>
          </reporter-output>
        </test-method> <!-- test4 -->
        <test-method signature="test5()[pri:5, instance:UserTest@43dac38f]" started-at="2024-01-23T20:21:14 IST" name="test5" finished-at="2024-01-23T20:21:16 IST" duration-ms="1454" status="PASS">
          <reporter-output>
          </reporter-output>
        </test-method> <!-- test5 -->
        <test-method is-config="true" signature="derefer()[pri:0, instance:UserTest@43dac38f]" started-at="2024-01-23T20:21:16 IST" name="derefer" finished-at="2024-01-23T20:21:17 IST" duration-ms="585" status="PASS">
          <reporter-output>
          </reporter-output>
        </test-method> <!-- derefer -->
      </class> <!-- UserTest -->
    </test> <!-- Default test -->
  </suite> <!-- Default suite -->
</testng-results>
